<?xml version="1.0" encoding="utf-8"?>
<test-run id="2" testcasecount="9" result="Passed" total="9" passed="9" failed="0" inconclusive="0" skipped="0" asserts="0" engine-version="3.5.0.0" clr-version="4.0.30319.42000" start-time="2026-09-24 16:26:32Z" end-time="2026-09-24 16:26:32Z" duration="0.0626244">
  <test-suite type="TestSuite" id="1000" name="Lighthouse Keepers" fullname="Lighthouse Keepers" runstate="Runnable" testcasecount="9" result="Passed" start-time="2026-09-24 16:26:32Z" end-time="2026-09-24 16:26:32Z" duration="0.062624" total="9" passed="9" failed="0" inconclusive="0" skipped="0" asserts="0">
    <properties>
      <property name="platform" value="EditMode" />
    </properties>
    <test-suite type="Assembly" id="1013" name="LighthouseKeepers.Tests.dll" fullname="/Users/aneeshvasamreddy/Desktop/Virtual Reality Design/Lighthouse Keepers/Library/ScriptAssemblies/LighthouseKeepers.Tests.dll" runstate="Runnable" testcasecount="9" result="Passed" start-time="2026-09-24 16:26:32Z" end-time="2026-09-24 16:26:32Z" duration="0.058636" total="9" passed="9" failed="0" inconclusive="0" skipped="0" asserts="0">
      <properties>
        <property name="_PID" value="46150" />
        <property name="_APPDOMAIN" value="Unity Child Domain" />
        <property name="platform" value="EditMode" />
        <property name="EditorOnly" value="True" />
      </properties>
      <test-suite type="TestSuite" id="1014" name="LighthouseKeepers" fullname="LighthouseKeepers" runstate="Runnable" testcasecount="9" result="Passed" start-time="2026-09-24 16:26:32Z" end-time="2026-09-24 16:26:32Z" duration="0.058465" total="9" passed="9" failed="0" inconclusive="0" skipped="0" asserts="0">
        <properties />
        <test-suite type="TestSuite" id="1015" name="Tests" fullname="LighthouseKeepers.Tests" runstate="Runnable" testcasecount="9" result="Passed" start-time="2026-09-24 16:26:32Z" end-time="2026-09-24 16:26:32Z" duration="0.058343" total="9" passed="9" failed="0" inconclusive="0" skipped="0" asserts="0">
          <properties />
          <test-suite type="TestFixture" id="1001" name="FoundationTests" fullname="LighthouseKeepers.Tests.FoundationTests" classname="LighthouseKeepers.Tests.FoundationTests" runstate="Runnable" testcasecount="4" result="Passed" start-time="2026-09-24 16:26:32Z" end-time="2026-09-24 16:26:32Z" duration="0.030906" total="4" passed="4" failed="0" inconclusive="0" skipped="0" asserts="0">
            <properties />
            <test-case id="1005" name="BuildIncludesBootstrapFirstAndAllEightScenes" fullname="LighthouseKeepers.Tests.FoundationTests.BuildIncludesBootstrapFirstAndAllEightScenes" methodname="BuildIncludesBootstrapFirstAndAllEightScenes" classname="LighthouseKeepers.Tests.FoundationTests" runstate="Runnable" seed="836949916" result="Passed" start-time="2026-09-24 16:26:32Z" end-time="2026-09-24 16:26:32Z" duration="0.008623" asserts="0">
              <properties>
                <property name="retryIteration" value="0" />
                <property name="repeatIteration" value="0" />
              </properties>
            </test-case>
            <test-case id="1004" name="DaysBecomeMeasurablyMoreIntense" fullname="LighthouseKeepers.Tests.FoundationTests.DaysBecomeMeasurablyMoreIntense" methodname="DaysBecomeMeasurablyMoreIntense" classname="LighthouseKeepers.Tests.FoundationTests" runstate="Runnable" seed="385844282" result="Passed" start-time="2026-09-24 16:26:32Z" end-time="2026-09-24 16:26:32Z" duration="0.013145" asserts="0">
              <properties>
                <property name="retryIteration" value="0" />
                <property name="repeatIteration" value="0" />
              </properties>
            </test-case>
            <test-case id="1002" name="FloodClampsAndResetPauses" fullname="LighthouseKeepers.Tests.FoundationTests.FloodClampsAndResetPauses" methodname="FloodClampsAndResetPauses" classname="LighthouseKeepers.Tests.FoundationTests" runstate="Runnable" seed="1710216369" result="Passed" start-time="2026-09-24 16:26:32Z" end-time="2026-09-24 16:26:32Z" duration="0.001451" asserts="0">
              <properties>
                <property name="retryIteration" value="0" />
                <property name="repeatIteration" value="0" />
              </properties>
            </test-case>
            <test-case id="1003" name="ThresholdFiresOnlyOnCrossingAndSupportsReset" fullname="LighthouseKeepers.Tests.FoundationTests.ThresholdFiresOnlyOnCrossingAndSupportsReset" methodname="ThresholdFiresOnlyOnCrossingAndSupportsReset" classname="LighthouseKeepers.Tests.FoundationTests" runstate="Runnable" seed="1956532210" result="Passed" start-time="2026-09-24 16:26:32Z" end-time="2026-09-24 16:26:32Z" duration="0.000612" asserts="0">
              <properties>
                <property name="retryIteration" value="0" />
                <property name="repeatIteration" value="0" />
              </properties>
            </test-case>
          </test-suite>
          <test-suite type="TestFixture" id="1006" name="IntegratedAssetTests" fullname="LighthouseKeepers.Tests.IntegratedAssetTests" classname="LighthouseKeepers.Tests.IntegratedAssetTests" runstate="Runnable" testcasecount="3" result="Passed" start-time="2026-09-24 16:26:32Z" end-time="2026-09-24 16:26:32Z" duration="0.025346" total="3" passed="3" failed="0" inconclusive="0" skipped="0" asserts="0">
            <properties />
            <test-case id="1008" name="OceanHasBoundedGeometryAndCompiles" fullname="LighthouseKeepers.Tests.IntegratedAssetTests.OceanHasBoundedGeometryAndCompiles" methodname="OceanHasBoundedGeometryAndCompiles" classname="LighthouseKeepers.Tests.IntegratedAssetTests" runstate="Runnable" seed="185223327" result="Passed" start-time="2026-09-24 16:26:32Z" end-time="2026-09-24 16:26:32Z" duration="0.004543" asserts="0">
              <properties>
                <property name="retryIteration" value="0" />
                <property name="repeatIteration" value="0" />
              </properties>
            </test-case>
            <test-case id="1007" name="SoundtrackUsesStreaming" fullname="LighthouseKeepers.Tests.IntegratedAssetTests.SoundtrackUsesStreaming" methodname="SoundtrackUsesStreaming" classname="LighthouseKeepers.Tests.IntegratedAssetTests" runstate="Runnable" seed="2114150855" result="Passed" start-time="2026-09-24 16:26:32Z" end-time="2026-09-24 16:26:32Z" duration="0.002491" asserts="0">
              <properties>
                <property name="retryIteration" value="0" />
                <property name="repeatIteration" value="0" />
              </properties>
            </test-case>
            <test-case id="1009" name="VendorPropVariantsUseUrp" fullname="LighthouseKeepers.Tests.IntegratedAssetTests.VendorPropVariantsUseUrp" methodname="VendorPropVariantsUseUrp" classname="LighthouseKeepers.Tests.IntegratedAssetTests" runstate="Runnable" seed="1028910286" result="Passed" start-time="2026-09-24 16:26:32Z" end-time="2026-09-24 16:26:32Z" duration="0.017578" asserts="0">
              <properties>
                <property name="retryIteration" value="0" />
                <property name="repeatIteration" value="0" />
              </properties>
            </test-case>
          </test-suite>
          <test-suite type="TestFixture" id="1010" name="WeatherCoverageTests" fullname="LighthouseKeepers.Tests.WeatherCoverageTests" classname="LighthouseKeepers.Tests.WeatherCoverageTests" runstate="Runnable" testcasecount="2" result="Passed" start-time="2026-09-24 16:26:32Z" end-time="2026-09-24 16:26:32Z" duration="0.001440" total="2" passed="2" failed="0" inconclusive="0" skipped="0" asserts="0">
            <properties />
            <test-case id="1011" name="BalconyCoverageIncludesEveryDirection" fullname="LighthouseKeepers.Tests.WeatherCoverageTests.BalconyCoverageIncludesEveryDirection" methodname="BalconyCoverageIncludesEveryDirection" classname="LighthouseKeepers.Tests.WeatherCoverageTests" runstate="Runnable" seed="2112246660" result="Passed" start-time="2026-09-24 16:26:32Z" end-time="2026-09-24 16:26:32Z" duration="0.000698" asserts="0">
              <properties>
                <property name="retryIteration" value="0" />
                <property name="repeatIteration" value="0" />
              </properties>
            </test-case>
            <test-case id="1012" name="TowerHouseAndOverhangRejectExteriorRain" fullname="LighthouseKeepers.Tests.WeatherCoverageTests.TowerHouseAndOverhangRejectExteriorRain" methodname="TowerHouseAndOverhangRejectExteriorRain" classname="LighthouseKeepers.Tests.WeatherCoverageTests" runstate="Runnable" seed="649194622" result="Passed" start-time="2026-09-24 16:26:32Z" end-time="2026-09-24 16:26:32Z" duration="0.000292" asserts="0">
              <properties>
                <property name="retryIteration" value="0" />
                <property name="repeatIteration" value="0" />
              </properties>
              <output><![CDATA[Saving results to: /Users/aneeshvasamreddy/Library/Application Support/Lighthouse Keepers Team/Lighthouse Keepers/TestResults.xml
]]></output>
            </test-case>
          </test-suite>
        </test-suite>
      </test-suite>
    </test-suite>
  </test-suite>
</test-run>